<?xml version="1.0" encoding="UTF-8"?>
<testng-results ignored="5" total="6" passed="1" failed="0" skipped="0">
  <reporter-output>
  </reporter-output>
  <suite started-at="2022-07-13T12:24:32 IST" name="Command line suite" finished-at="2022-07-13T12:25:26 IST" duration-ms="53597">
    <groups>
      <group name="DD">
        <method signature="DeviceDetailsTest.deviceDetailsCRUD()[pri:0, instance:io.mosip.test.pmptest.testcase.DeviceDetailsTest@7c51f34b]" name="deviceDetailsCRUD" class="io.mosip.test.pmptest.testcase.DeviceDetailsTest"/>
      </group> <!-- DD -->
    </groups>
    <test started-at="2022-07-13T12:24:32 IST" name="Command line test" finished-at="2022-07-13T12:25:26 IST" duration-ms="53597">
      <class name="io.mosip.test.pmptest.testcase.DeviceDetailsTest">
        <test-method is-config="true" signature="setUp()[pri:0, instance:io.mosip.test.pmptest.testcase.DeviceDetailsTest@7c51f34b]" started-at="2022-07-13T12:24:32 IST" name="setUp" finished-at="2022-07-13T12:24:45 IST" duration-ms="12692" status="PASS">
          <reporter-output>
          </reporter-output>
        </test-method> <!-- setUp -->
        <test-method signature="deviceDetailsCRUD()[pri:0, instance:io.mosip.test.pmptest.testcase.DeviceDetailsTest@7c51f34b]" started-at="2022-07-13T12:24:45 IST" name="deviceDetailsCRUD" finished-at="2022-07-13T12:25:25 IST" duration-ms="39959" status="PASS">
          <reporter-output>
          </reporter-output>
        </test-method> <!-- deviceDetailsCRUD -->
        <test-method is-config="true" signature="tearDown()[pri:0, instance:io.mosip.test.pmptest.testcase.DeviceDetailsTest@7c51f34b]" started-at="2022-07-13T12:25:25 IST" name="tearDown" finished-at="2022-07-13T12:25:26 IST" duration-ms="829" status="PASS">
          <reporter-output>
          </reporter-output>
        </test-method> <!-- tearDown -->
      </class> <!-- io.mosip.test.pmptest.testcase.DeviceDetailsTest -->
    </test> <!-- Command line test -->
  </suite> <!-- Command line suite -->
</testng-results>
