<?xml version="1.0" encoding="UTF-8"?>
<!-- Generated by org.testng.reporters.JUnitXMLReporter -->
<testsuite ignored="5" hostname="Techno-311" failures="0" tests="1" name="Command line test" time="53.597" errors="0" timestamp="2022-07-13T12:25:26 IST">
  <testcase classname="io.mosip.test.pmptest.testcase.DeviceDetailsTest" name="deviceDetailsCRUD" time="39.959"/>
  <testcase classname="io.mosip.test.pmptest.testcase.FtmDetailsTest" name="ftmDetailsCRUD" time="0.0">
    <ignored/>
  </testcase> <!-- ftmDetailsCRUD -->
  <testcase classname="io.mosip.test.pmptest.testcase.DataSharePolicyTest" name="PolicyGroupCRUD" time="0.0">
    <ignored/>
  </testcase> <!-- PolicyGroupCRUD -->
  <testcase classname="io.mosip.test.pmptest.testcase.SbiDetailsTest" name="ftmDetailsCRUD" time="0.0">
    <ignored/>
  </testcase> <!-- ftmDetailsCRUD -->
  <testcase classname="io.mosip.test.pmptest.testcase.AuthPolicyTest" name="PolicyGroupCRUD" time="0.0">
    <ignored/>
  </testcase> <!-- PolicyGroupCRUD -->
  <testcase classname="io.mosip.test.pmptest.testcase.PolicyGroupTest" name="PolicyGroupCRUD" time="0.0">
    <ignored/>
  </testcase> <!-- PolicyGroupCRUD -->
</testsuite> <!-- Command line test -->
